CRITICAL - 2023-09-22 03:11:50 --> Undefined variable $pro
in APPPATH\Views\ProductAdd2.php on line 11.
 1 APPPATH\Views\ProductAdd2.php(11): CodeIgniter\Debug\Exceptions->errorHandler(2, 'Undefined variable $pro', 'C:\\laragon\\www\\product\\app\\Views\\ProductAdd2.php', 11)
 2 SYSTEMPATH\View\View.php(226): include('C:\\laragon\\www\\product\\app\\Views\\ProductAdd2.php')
 3 SYSTEMPATH\View\View.php(229): CodeIgniter\View\View->CodeIgniter\View\{closure}()
 4 SYSTEMPATH\Common.php(1188): CodeIgniter\View\View->render('ProductAdd2', [], true)
 5 APPPATH\Controllers\ProductController.php(42): view('ProductAdd2')
 6 SYSTEMPATH\CodeIgniter.php(919): App\Controllers\ProductController->edit('2')
 7 SYSTEMPATH\CodeIgniter.php(494): CodeIgniter\CodeIgniter->runController(Object(App\Controllers\ProductController))
 8 SYSTEMPATH\CodeIgniter.php(353): CodeIgniter\CodeIgniter->handleRequest(null, Object(Config\Cache), false)
 9 FCPATH\index.php(79): CodeIgniter\CodeIgniter->run()
CRITICAL - 2023-09-22 03:12:09 --> Undefined variable $pro
in APPPATH\Views\ProductAdd2.php on line 11.
 1 APPPATH\Views\ProductAdd2.php(11): CodeIgniter\Debug\Exceptions->errorHandler(2, 'Undefined variable $pro', 'C:\\laragon\\www\\product\\app\\Views\\ProductAdd2.php', 11)
 2 SYSTEMPATH\View\View.php(226): include('C:\\laragon\\www\\product\\app\\Views\\ProductAdd2.php')
 3 SYSTEMPATH\View\View.php(229): CodeIgniter\View\View->CodeIgniter\View\{closure}()
 4 SYSTEMPATH\Common.php(1188): CodeIgniter\View\View->render('ProductAdd2', [], true)
 5 APPPATH\Controllers\ProductController.php(42): view('ProductAdd2')
 6 SYSTEMPATH\CodeIgniter.php(919): App\Controllers\ProductController->edit('2')
 7 SYSTEMPATH\CodeIgniter.php(494): CodeIgniter\CodeIgniter->runController(Object(App\Controllers\ProductController))
 8 SYSTEMPATH\CodeIgniter.php(353): CodeIgniter\CodeIgniter->handleRequest(null, Object(Config\Cache), false)
 9 FCPATH\index.php(79): CodeIgniter\CodeIgniter->run()
CRITICAL - 2023-09-22 03:13:13 --> Undefined variable $pro
in APPPATH\Views\ProductAdd.php on line 11.
 1 APPPATH\Views\ProductAdd.php(11): CodeIgniter\Debug\Exceptions->errorHandler(2, 'Undefined variable $pro', 'C:\\laragon\\www\\product\\app\\Views\\ProductAdd.php', 11)
 2 SYSTEMPATH\View\View.php(226): include('C:\\laragon\\www\\product\\app\\Views\\ProductAdd.php')
 3 SYSTEMPATH\View\View.php(229): CodeIgniter\View\View->CodeIgniter\View\{closure}()
 4 SYSTEMPATH\Common.php(1188): CodeIgniter\View\View->render('ProductAdd', [], true)
 5 APPPATH\Controllers\ProductController.php(53): view('ProductAdd')
 6 SYSTEMPATH\CodeIgniter.php(919): App\Controllers\ProductController->add()
 7 SYSTEMPATH\CodeIgniter.php(494): CodeIgniter\CodeIgniter->runController(Object(App\Controllers\ProductController))
 8 SYSTEMPATH\CodeIgniter.php(353): CodeIgniter\CodeIgniter->handleRequest(null, Object(Config\Cache), false)
 9 FCPATH\index.php(79): CodeIgniter\CodeIgniter->run()
CRITICAL - 2023-09-22 03:13:22 --> Undefined variable $pro
in APPPATH\Views\ProductAdd.php on line 11.
 1 APPPATH\Views\ProductAdd.php(11): CodeIgniter\Debug\Exceptions->errorHandler(2, 'Undefined variable $pro', 'C:\\laragon\\www\\product\\app\\Views\\ProductAdd.php', 11)
 2 SYSTEMPATH\View\View.php(226): include('C:\\laragon\\www\\product\\app\\Views\\ProductAdd.php')
 3 SYSTEMPATH\View\View.php(229): CodeIgniter\View\View->CodeIgniter\View\{closure}()
 4 SYSTEMPATH\Common.php(1188): CodeIgniter\View\View->render('ProductAdd', [], true)
 5 APPPATH\Controllers\ProductController.php(53): view('ProductAdd')
 6 SYSTEMPATH\CodeIgniter.php(919): App\Controllers\ProductController->add()
 7 SYSTEMPATH\CodeIgniter.php(494): CodeIgniter\CodeIgniter->runController(Object(App\Controllers\ProductController))
 8 SYSTEMPATH\CodeIgniter.php(353): CodeIgniter\CodeIgniter->handleRequest(null, Object(Config\Cache), false)
 9 FCPATH\index.php(79): CodeIgniter\CodeIgniter->run()
CRITICAL - 2023-09-22 03:14:26 --> Undefined variable $pro
in APPPATH\Views\ProductAdd2.php on line 11.
 1 APPPATH\Views\ProductAdd2.php(11): CodeIgniter\Debug\Exceptions->errorHandler(2, 'Undefined variable $pro', 'C:\\laragon\\www\\product\\app\\Views\\ProductAdd2.php', 11)
 2 SYSTEMPATH\View\View.php(226): include('C:\\laragon\\www\\product\\app\\Views\\ProductAdd2.php')
 3 SYSTEMPATH\View\View.php(229): CodeIgniter\View\View->CodeIgniter\View\{closure}()
 4 SYSTEMPATH\Common.php(1188): CodeIgniter\View\View->render('ProductAdd2', [], true)
 5 APPPATH\Controllers\ProductController.php(42): view('ProductAdd2')
 6 SYSTEMPATH\CodeIgniter.php(919): App\Controllers\ProductController->edit('3')
 7 SYSTEMPATH\CodeIgniter.php(494): CodeIgniter\CodeIgniter->runController(Object(App\Controllers\ProductController))
 8 SYSTEMPATH\CodeIgniter.php(353): CodeIgniter\CodeIgniter->handleRequest(null, Object(Config\Cache), false)
 9 FCPATH\index.php(79): CodeIgniter\CodeIgniter->run()
CRITICAL - 2023-09-22 03:15:02 --> Undefined variable $pro
in APPPATH\Views\ProductAdd2.php on line 11.
 1 APPPATH\Views\ProductAdd2.php(11): CodeIgniter\Debug\Exceptions->errorHandler(2, 'Undefined variable $pro', 'C:\\laragon\\www\\product\\app\\Views\\ProductAdd2.php', 11)
 2 SYSTEMPATH\View\View.php(226): include('C:\\laragon\\www\\product\\app\\Views\\ProductAdd2.php')
 3 SYSTEMPATH\View\View.php(229): CodeIgniter\View\View->CodeIgniter\View\{closure}()
 4 SYSTEMPATH\Common.php(1188): CodeIgniter\View\View->render('ProductAdd2', [], true)
 5 APPPATH\Controllers\ProductController.php(42): view('ProductAdd2')
 6 SYSTEMPATH\CodeIgniter.php(919): App\Controllers\ProductController->edit('2')
 7 SYSTEMPATH\CodeIgniter.php(494): CodeIgniter\CodeIgniter->runController(Object(App\Controllers\ProductController))
 8 SYSTEMPATH\CodeIgniter.php(353): CodeIgniter\CodeIgniter->handleRequest(null, Object(Config\Cache), false)
 9 FCPATH\index.php(79): CodeIgniter\CodeIgniter->run()
CRITICAL - 2023-09-22 03:20:00 --> Undefined variable $pro
in APPPATH\Views\ProductAdd2.php on line 11.
 1 APPPATH\Views\ProductAdd2.php(11): CodeIgniter\Debug\Exceptions->errorHandler(2, 'Undefined variable $pro', 'C:\\laragon\\www\\product\\app\\Views\\ProductAdd2.php', 11)
 2 SYSTEMPATH\View\View.php(226): include('C:\\laragon\\www\\product\\app\\Views\\ProductAdd2.php')
 3 SYSTEMPATH\View\View.php(229): CodeIgniter\View\View->CodeIgniter\View\{closure}()
 4 SYSTEMPATH\Common.php(1188): CodeIgniter\View\View->render('ProductAdd2', [], true)
 5 APPPATH\Controllers\ProductController.php(42): view('ProductAdd2')
 6 SYSTEMPATH\CodeIgniter.php(919): App\Controllers\ProductController->edit('2')
 7 SYSTEMPATH\CodeIgniter.php(494): CodeIgniter\CodeIgniter->runController(Object(App\Controllers\ProductController))
 8 SYSTEMPATH\CodeIgniter.php(353): CodeIgniter\CodeIgniter->handleRequest(null, Object(Config\Cache), false)
 9 FCPATH\index.php(79): CodeIgniter\CodeIgniter->run()
CRITICAL - 2023-09-22 03:21:44 --> syntax error, unexpected identifier "ss", expecting "," or ";"
in APPPATH\Views\ProductAdd2.php on line 11.
 1 SYSTEMPATH\View\View.php(229): CodeIgniter\View\View->CodeIgniter\View\{closure}()
 2 SYSTEMPATH\Common.php(1188): CodeIgniter\View\View->render('ProductAdd2', [], true)
 3 APPPATH\Controllers\ProductController.php(42): view('ProductAdd2')
 4 SYSTEMPATH\CodeIgniter.php(919): App\Controllers\ProductController->edit('2')
 5 SYSTEMPATH\CodeIgniter.php(494): CodeIgniter\CodeIgniter->runController(Object(App\Controllers\ProductController))
 6 SYSTEMPATH\CodeIgniter.php(353): CodeIgniter\CodeIgniter->handleRequest(null, Object(Config\Cache), false)
 7 FCPATH\index.php(79): CodeIgniter\CodeIgniter->run()
CRITICAL - 2023-09-22 03:22:07 --> Undefined variable $pro
in APPPATH\Views\ProductAdd2.php on line 12.
 1 APPPATH\Views\ProductAdd2.php(12): CodeIgniter\Debug\Exceptions->errorHandler(2, 'Undefined variable $pro', 'C:\\laragon\\www\\product\\app\\Views\\ProductAdd2.php', 12)
 2 SYSTEMPATH\View\View.php(226): include('C:\\laragon\\www\\product\\app\\Views\\ProductAdd2.php')
 3 SYSTEMPATH\View\View.php(229): CodeIgniter\View\View->CodeIgniter\View\{closure}()
 4 SYSTEMPATH\Common.php(1188): CodeIgniter\View\View->render('ProductAdd2', [], true)
 5 APPPATH\Controllers\ProductController.php(42): view('ProductAdd2')
 6 SYSTEMPATH\CodeIgniter.php(919): App\Controllers\ProductController->edit('2')
 7 SYSTEMPATH\CodeIgniter.php(494): CodeIgniter\CodeIgniter->runController(Object(App\Controllers\ProductController))
 8 SYSTEMPATH\CodeIgniter.php(353): CodeIgniter\CodeIgniter->handleRequest(null, Object(Config\Cache), false)
 9 FCPATH\index.php(79): CodeIgniter\CodeIgniter->run()
CRITICAL - 2023-09-22 04:12:32 --> syntax error, unexpected token ";"
in APPPATH\Views\ProductAdd2.php on line 12.
 1 SYSTEMPATH\View\View.php(229): CodeIgniter\View\View->CodeIgniter\View\{closure}()
 2 SYSTEMPATH\Common.php(1188): CodeIgniter\View\View->render('ProductAdd2', [], true)
 3 APPPATH\Controllers\ProductController.php(42): view('ProductAdd2')
 4 SYSTEMPATH\CodeIgniter.php(919): App\Controllers\ProductController->edit('3')
 5 SYSTEMPATH\CodeIgniter.php(494): CodeIgniter\CodeIgniter->runController(Object(App\Controllers\ProductController))
 6 SYSTEMPATH\CodeIgniter.php(353): CodeIgniter\CodeIgniter->handleRequest(null, Object(Config\Cache), false)
 7 FCPATH\index.php(79): CodeIgniter\CodeIgniter->run()
CRITICAL - 2023-09-22 04:12:51 --> Undefined variable $pro
in APPPATH\Views\ProductAdd2.php on line 11.
 1 APPPATH\Views\ProductAdd2.php(11): CodeIgniter\Debug\Exceptions->errorHandler(2, 'Undefined variable $pro', 'C:\\laragon\\www\\product\\app\\Views\\ProductAdd2.php', 11)
 2 SYSTEMPATH\View\View.php(226): include('C:\\laragon\\www\\product\\app\\Views\\ProductAdd2.php')
 3 SYSTEMPATH\View\View.php(229): CodeIgniter\View\View->CodeIgniter\View\{closure}()
 4 SYSTEMPATH\Common.php(1188): CodeIgniter\View\View->render('ProductAdd2', [], true)
 5 APPPATH\Controllers\ProductController.php(42): view('ProductAdd2')
 6 SYSTEMPATH\CodeIgniter.php(919): App\Controllers\ProductController->edit('3')
 7 SYSTEMPATH\CodeIgniter.php(494): CodeIgniter\CodeIgniter->runController(Object(App\Controllers\ProductController))
 8 SYSTEMPATH\CodeIgniter.php(353): CodeIgniter\CodeIgniter->handleRequest(null, Object(Config\Cache), false)
 9 FCPATH\index.php(79): CodeIgniter\CodeIgniter->run()
CRITICAL - 2023-09-22 04:13:47 --> Undefined variable $pro
in APPPATH\Views\ProductAdd2.php on line 11.
 1 APPPATH\Views\ProductAdd2.php(11): CodeIgniter\Debug\Exceptions->errorHandler(2, 'Undefined variable $pro', 'C:\\laragon\\www\\product\\app\\Views\\ProductAdd2.php', 11)
 2 SYSTEMPATH\View\View.php(226): include('C:\\laragon\\www\\product\\app\\Views\\ProductAdd2.php')
 3 SYSTEMPATH\View\View.php(229): CodeIgniter\View\View->CodeIgniter\View\{closure}()
 4 SYSTEMPATH\Common.php(1188): CodeIgniter\View\View->render('ProductAdd2', [], true)
 5 APPPATH\Controllers\ProductController.php(42): view('ProductAdd2')
 6 SYSTEMPATH\CodeIgniter.php(919): App\Controllers\ProductController->edit('4')
 7 SYSTEMPATH\CodeIgniter.php(494): CodeIgniter\CodeIgniter->runController(Object(App\Controllers\ProductController))
 8 SYSTEMPATH\CodeIgniter.php(353): CodeIgniter\CodeIgniter->handleRequest(null, Object(Config\Cache), false)
 9 FCPATH\index.php(79): CodeIgniter\CodeIgniter->run()
CRITICAL - 2023-09-22 04:15:29 --> Undefined variable $pro
in APPPATH\Views\ProductAdd2.php on line 11.
 1 APPPATH\Views\ProductAdd2.php(11): CodeIgniter\Debug\Exceptions->errorHandler(2, 'Undefined variable $pro', 'C:\\laragon\\www\\product\\app\\Views\\ProductAdd2.php', 11)
 2 SYSTEMPATH\View\View.php(226): include('C:\\laragon\\www\\product\\app\\Views\\ProductAdd2.php')
 3 SYSTEMPATH\View\View.php(229): CodeIgniter\View\View->CodeIgniter\View\{closure}()
 4 SYSTEMPATH\Common.php(1188): CodeIgniter\View\View->render('ProductAdd2', [], true)
 5 APPPATH\Controllers\ProductController.php(42): view('ProductAdd2')
 6 SYSTEMPATH\CodeIgniter.php(919): App\Controllers\ProductController->edit('2')
 7 SYSTEMPATH\CodeIgniter.php(494): CodeIgniter\CodeIgniter->runController(Object(App\Controllers\ProductController))
 8 SYSTEMPATH\CodeIgniter.php(353): CodeIgniter\CodeIgniter->handleRequest(null, Object(Config\Cache), false)
 9 FCPATH\index.php(79): CodeIgniter\CodeIgniter->run()
ERROR - 2023-09-22 04:22:33 --> mysqli_sql_exception: Unknown column 'id' in 'where clause' in C:\laragon\www\product\system\Database\MySQLi\Connection.php:306
Stack trace:
#0 C:\laragon\www\product\system\Database\MySQLi\Connection.php(306): mysqli->query('DELETE FROM `ta...', 0)
#1 C:\laragon\www\product\system\Database\BaseConnection.php(692): CodeIgniter\Database\MySQLi\Connection->execute('DELETE FROM `ta...')
#2 C:\laragon\www\product\system\Database\BaseConnection.php(606): CodeIgniter\Database\BaseConnection->simpleQuery('DELETE FROM `ta...')
#3 C:\laragon\www\product\system\Database\BaseBuilder.php(2790): CodeIgniter\Database\BaseConnection->query('DELETE FROM `ta...', Array, false)
#4 C:\laragon\www\product\system\Model.php(445): CodeIgniter\Database\BaseBuilder->delete()
#5 C:\laragon\www\product\system\BaseModel.php(1080): CodeIgniter\Model->doDelete(NULL, false)
#6 C:\laragon\www\product\app\Controllers\ProductController.php(33): CodeIgniter\BaseModel->delete()
#7 C:\laragon\www\product\system\CodeIgniter.php(919): App\Controllers\ProductController->delete('2')
#8 C:\laragon\www\product\system\CodeIgniter.php(494): CodeIgniter\CodeIgniter->runController(Object(App\Controllers\ProductController))
#9 C:\laragon\www\product\system\CodeIgniter.php(353): CodeIgniter\CodeIgniter->handleRequest(NULL, Object(Config\Cache), false)
#10 C:\laragon\www\product\public\index.php(79): CodeIgniter\CodeIgniter->run()
#11 {main}
CRITICAL - 2023-09-22 04:22:33 --> Unknown column 'id' in 'where clause'
in SYSTEMPATH\Database\BaseConnection.php on line 646.
 1 SYSTEMPATH\Database\BaseBuilder.php(2790): CodeIgniter\Database\BaseConnection->query('DELETE FROM `table_products`
WHERE `id` = :id:', [...], false)
 2 SYSTEMPATH\Model.php(445): CodeIgniter\Database\BaseBuilder->delete()
 3 SYSTEMPATH\BaseModel.php(1080): CodeIgniter\Model->doDelete(null, false)
 4 APPPATH\Controllers\ProductController.php(33): CodeIgniter\BaseModel->delete()
 5 SYSTEMPATH\CodeIgniter.php(919): App\Controllers\ProductController->delete('2')
 6 SYSTEMPATH\CodeIgniter.php(494): CodeIgniter\CodeIgniter->runController(Object(App\Controllers\ProductController))
 7 SYSTEMPATH\CodeIgniter.php(353): CodeIgniter\CodeIgniter->handleRequest(null, Object(Config\Cache), false)
 8 FCPATH\index.php(79): CodeIgniter\CodeIgniter->run()
CRITICAL - 2023-09-22 04:31:04 --> Trying to access array offset on value of type null
in APPPATH\Views\ProductAdd2.php on line 11.
 1 APPPATH\Views\ProductAdd2.php(11): CodeIgniter\Debug\Exceptions->errorHandler(2, 'Trying to access array offset on value of type null', 'C:\\laragon\\www\\product\\app\\Views\\ProductAdd2.php', 11)
 2 SYSTEMPATH\View\View.php(226): include('C:\\laragon\\www\\product\\app\\Views\\ProductAdd2.php')
 3 SYSTEMPATH\View\View.php(229): CodeIgniter\View\View->CodeIgniter\View\{closure}()
 4 SYSTEMPATH\Common.php(1188): CodeIgniter\View\View->render('ProductAdd2', [], true)
 5 APPPATH\Controllers\ProductController.php(43): view('ProductAdd2', [...])
 6 SYSTEMPATH\CodeIgniter.php(919): App\Controllers\ProductController->edit('3')
 7 SYSTEMPATH\CodeIgniter.php(494): CodeIgniter\CodeIgniter->runController(Object(App\Controllers\ProductController))
 8 SYSTEMPATH\CodeIgniter.php(353): CodeIgniter\CodeIgniter->handleRequest(null, Object(Config\Cache), false)
 9 FCPATH\index.php(79): CodeIgniter\CodeIgniter->run()
CRITICAL - 2023-09-22 04:35:27 --> Trying to access array offset on value of type null
in APPPATH\Views\ProductAdd2.php on line 11.
 1 APPPATH\Views\ProductAdd2.php(11): CodeIgniter\Debug\Exceptions->errorHandler(2, 'Trying to access array offset on value of type null', 'C:\\laragon\\www\\product\\app\\Views\\ProductAdd2.php', 11)
 2 SYSTEMPATH\View\View.php(226): include('C:\\laragon\\www\\product\\app\\Views\\ProductAdd2.php')
 3 SYSTEMPATH\View\View.php(229): CodeIgniter\View\View->CodeIgniter\View\{closure}()
 4 SYSTEMPATH\Common.php(1188): CodeIgniter\View\View->render('ProductAdd2', [], true)
 5 APPPATH\Controllers\ProductController.php(43): view('ProductAdd2', [...])
 6 SYSTEMPATH\CodeIgniter.php(919): App\Controllers\ProductController->edit('6')
 7 SYSTEMPATH\CodeIgniter.php(494): CodeIgniter\CodeIgniter->runController(Object(App\Controllers\ProductController))
 8 SYSTEMPATH\CodeIgniter.php(353): CodeIgniter\CodeIgniter->handleRequest(null, Object(Config\Cache), false)
 9 FCPATH\index.php(79): CodeIgniter\CodeIgniter->run()
CRITICAL - 2023-09-22 04:39:40 --> Undefined variable $name
in APPPATH\Views\ProductIndex.php on line 14.
 1 APPPATH\Views\ProductIndex.php(14): CodeIgniter\Debug\Exceptions->errorHandler(2, 'Undefined variable $name', 'C:\\laragon\\www\\product\\app\\Views\\ProductIndex.php', 14)
 2 SYSTEMPATH\View\View.php(226): include('C:\\laragon\\www\\product\\app\\Views\\ProductIndex.php')
 3 SYSTEMPATH\View\View.php(229): CodeIgniter\View\View->CodeIgniter\View\{closure}()
 4 SYSTEMPATH\Common.php(1188): CodeIgniter\View\View->render('ProductIndex', [], true)
 5 APPPATH\Controllers\ProductController.php(31): view('ProductIndex')
 6 SYSTEMPATH\CodeIgniter.php(919): App\Controllers\ProductController->save()
 7 SYSTEMPATH\CodeIgniter.php(494): CodeIgniter\CodeIgniter->runController(Object(App\Controllers\ProductController))
 8 SYSTEMPATH\CodeIgniter.php(353): CodeIgniter\CodeIgniter->handleRequest(null, Object(Config\Cache), false)
 9 FCPATH\index.php(79): CodeIgniter\CodeIgniter->run()
CRITICAL - 2023-09-22 04:40:18 --> Undefined variable $name
in APPPATH\Views\ProductIndex.php on line 14.
 1 APPPATH\Views\ProductIndex.php(14): CodeIgniter\Debug\Exceptions->errorHandler(2, 'Undefined variable $name', 'C:\\laragon\\www\\product\\app\\Views\\ProductIndex.php', 14)
 2 SYSTEMPATH\View\View.php(226): include('C:\\laragon\\www\\product\\app\\Views\\ProductIndex.php')
 3 SYSTEMPATH\View\View.php(229): CodeIgniter\View\View->CodeIgniter\View\{closure}()
 4 SYSTEMPATH\Common.php(1188): CodeIgniter\View\View->render('ProductIndex', [], true)
 5 APPPATH\Controllers\ProductController.php(31): view('ProductIndex', [...])
 6 SYSTEMPATH\CodeIgniter.php(919): App\Controllers\ProductController->save()
 7 SYSTEMPATH\CodeIgniter.php(494): CodeIgniter\CodeIgniter->runController(Object(App\Controllers\ProductController))
 8 SYSTEMPATH\CodeIgniter.php(353): CodeIgniter\CodeIgniter->handleRequest(null, Object(Config\Cache), false)
 9 FCPATH\index.php(79): CodeIgniter\CodeIgniter->run()
CRITICAL - 2023-09-22 04:40:24 --> Undefined variable $name
in APPPATH\Views\ProductIndex.php on line 14.
 1 APPPATH\Views\ProductIndex.php(14): CodeIgniter\Debug\Exceptions->errorHandler(2, 'Undefined variable $name', 'C:\\laragon\\www\\product\\app\\Views\\ProductIndex.php', 14)
 2 SYSTEMPATH\View\View.php(226): include('C:\\laragon\\www\\product\\app\\Views\\ProductIndex.php')
 3 SYSTEMPATH\View\View.php(229): CodeIgniter\View\View->CodeIgniter\View\{closure}()
 4 SYSTEMPATH\Common.php(1188): CodeIgniter\View\View->render('ProductIndex', [], true)
 5 APPPATH\Controllers\ProductController.php(31): view('ProductIndex', [...])
 6 SYSTEMPATH\CodeIgniter.php(919): App\Controllers\ProductController->save()
 7 SYSTEMPATH\CodeIgniter.php(494): CodeIgniter\CodeIgniter->runController(Object(App\Controllers\ProductController))
 8 SYSTEMPATH\CodeIgniter.php(353): CodeIgniter\CodeIgniter->handleRequest(null, Object(Config\Cache), false)
 9 FCPATH\index.php(79): CodeIgniter\CodeIgniter->run()
CRITICAL - 2023-09-22 04:41:37 --> Trying to access array offset on value of type null
in APPPATH\Views\ProductAdd2.php on line 11.
 1 APPPATH\Views\ProductAdd2.php(11): CodeIgniter\Debug\Exceptions->errorHandler(2, 'Trying to access array offset on value of type null', 'C:\\laragon\\www\\product\\app\\Views\\ProductAdd2.php', 11)
 2 SYSTEMPATH\View\View.php(226): include('C:\\laragon\\www\\product\\app\\Views\\ProductAdd2.php')
 3 SYSTEMPATH\View\View.php(229): CodeIgniter\View\View->CodeIgniter\View\{closure}()
 4 SYSTEMPATH\Common.php(1188): CodeIgniter\View\View->render('ProductAdd2', [], true)
 5 APPPATH\Controllers\ProductController.php(45): view('ProductAdd2', [...])
 6 SYSTEMPATH\CodeIgniter.php(919): App\Controllers\ProductController->edit('9')
 7 SYSTEMPATH\CodeIgniter.php(494): CodeIgniter\CodeIgniter->runController(Object(App\Controllers\ProductController))
 8 SYSTEMPATH\CodeIgniter.php(353): CodeIgniter\CodeIgniter->handleRequest(null, Object(Config\Cache), false)
 9 FCPATH\index.php(79): CodeIgniter\CodeIgniter->run()
CRITICAL - 2023-09-22 04:42:20 --> Trying to access array offset on value of type null
in APPPATH\Views\ProductAdd2.php on line 11.
 1 APPPATH\Views\ProductAdd2.php(11): CodeIgniter\Debug\Exceptions->errorHandler(2, 'Trying to access array offset on value of type null', 'C:\\laragon\\www\\product\\app\\Views\\ProductAdd2.php', 11)
 2 SYSTEMPATH\View\View.php(226): include('C:\\laragon\\www\\product\\app\\Views\\ProductAdd2.php')
 3 SYSTEMPATH\View\View.php(229): CodeIgniter\View\View->CodeIgniter\View\{closure}()
 4 SYSTEMPATH\Common.php(1188): CodeIgniter\View\View->render('ProductAdd2', [], true)
 5 APPPATH\Controllers\ProductController.php(45): view('ProductAdd2', [...])
 6 SYSTEMPATH\CodeIgniter.php(919): App\Controllers\ProductController->edit('10')
 7 SYSTEMPATH\CodeIgniter.php(494): CodeIgniter\CodeIgniter->runController(Object(App\Controllers\ProductController))
 8 SYSTEMPATH\CodeIgniter.php(353): CodeIgniter\CodeIgniter->handleRequest(null, Object(Config\Cache), false)
 9 FCPATH\index.php(79): CodeIgniter\CodeIgniter->run()
CRITICAL - 2023-09-22 04:42:29 --> Trying to access array offset on value of type null
in APPPATH\Views\ProductAdd2.php on line 11.
 1 APPPATH\Views\ProductAdd2.php(11): CodeIgniter\Debug\Exceptions->errorHandler(2, 'Trying to access array offset on value of type null', 'C:\\laragon\\www\\product\\app\\Views\\ProductAdd2.php', 11)
 2 SYSTEMPATH\View\View.php(226): include('C:\\laragon\\www\\product\\app\\Views\\ProductAdd2.php')
 3 SYSTEMPATH\View\View.php(229): CodeIgniter\View\View->CodeIgniter\View\{closure}()
 4 SYSTEMPATH\Common.php(1188): CodeIgniter\View\View->render('ProductAdd2', [], true)
 5 APPPATH\Controllers\ProductController.php(45): view('ProductAdd2', [...])
 6 SYSTEMPATH\CodeIgniter.php(919): App\Controllers\ProductController->edit('11')
 7 SYSTEMPATH\CodeIgniter.php(494): CodeIgniter\CodeIgniter->runController(Object(App\Controllers\ProductController))
 8 SYSTEMPATH\CodeIgniter.php(353): CodeIgniter\CodeIgniter->handleRequest(null, Object(Config\Cache), false)
 9 FCPATH\index.php(79): CodeIgniter\CodeIgniter->run()
CRITICAL - 2023-09-22 04:49:04 --> Trying to access array offset on value of type null
in APPPATH\Views\ProductAdd2.php on line 11.
 1 APPPATH\Views\ProductAdd2.php(11): CodeIgniter\Debug\Exceptions->errorHandler(2, 'Trying to access array offset on value of type null', 'C:\\laragon\\www\\product\\app\\Views\\ProductAdd2.php', 11)
 2 SYSTEMPATH\View\View.php(226): include('C:\\laragon\\www\\product\\app\\Views\\ProductAdd2.php')
 3 SYSTEMPATH\View\View.php(229): CodeIgniter\View\View->CodeIgniter\View\{closure}()
 4 SYSTEMPATH\Common.php(1188): CodeIgniter\View\View->render('ProductAdd2', [], true)
 5 APPPATH\Controllers\ProductController.php(45): view('ProductAdd2', [...])
 6 SYSTEMPATH\CodeIgniter.php(919): App\Controllers\ProductController->edit('13')
 7 SYSTEMPATH\CodeIgniter.php(494): CodeIgniter\CodeIgniter->runController(Object(App\Controllers\ProductController))
 8 SYSTEMPATH\CodeIgniter.php(353): CodeIgniter\CodeIgniter->handleRequest(null, Object(Config\Cache), false)
 9 FCPATH\index.php(79): CodeIgniter\CodeIgniter->run()
CRITICAL - 2023-09-22 04:50:32 --> Trying to access array offset on value of type null
in APPPATH\Views\ProductAdd2.php on line 11.
 1 APPPATH\Views\ProductAdd2.php(11): CodeIgniter\Debug\Exceptions->errorHandler(2, 'Trying to access array offset on value of type null', 'C:\\laragon\\www\\product\\app\\Views\\ProductAdd2.php', 11)
 2 SYSTEMPATH\View\View.php(226): include('C:\\laragon\\www\\product\\app\\Views\\ProductAdd2.php')
 3 SYSTEMPATH\View\View.php(229): CodeIgniter\View\View->CodeIgniter\View\{closure}()
 4 SYSTEMPATH\Common.php(1188): CodeIgniter\View\View->render('ProductAdd2', [], true)
 5 APPPATH\Controllers\ProductController.php(45): view('ProductAdd2', [...])
 6 SYSTEMPATH\CodeIgniter.php(919): App\Controllers\ProductController->edit('12')
 7 SYSTEMPATH\CodeIgniter.php(494): CodeIgniter\CodeIgniter->runController(Object(App\Controllers\ProductController))
 8 SYSTEMPATH\CodeIgniter.php(353): CodeIgniter\CodeIgniter->handleRequest(null, Object(Config\Cache), false)
 9 FCPATH\index.php(79): CodeIgniter\CodeIgniter->run()
CRITICAL - 2023-09-22 05:40:11 --> Undefined variable $pro
in APPPATH\Views\ProductAdd.php on line 19.
 1 APPPATH\Views\ProductAdd.php(19): CodeIgniter\Debug\Exceptions->errorHandler(2, 'Undefined variable $pro', 'C:\\laragon\\www\\product\\app\\Views\\ProductAdd.php', 19)
 2 SYSTEMPATH\View\View.php(226): include('C:\\laragon\\www\\product\\app\\Views\\ProductAdd.php')
 3 SYSTEMPATH\View\View.php(229): CodeIgniter\View\View->CodeIgniter\View\{closure}()
 4 SYSTEMPATH\Common.php(1188): CodeIgniter\View\View->render('ProductAdd', [], true)
 5 APPPATH\Controllers\ProductController.php(56): view('ProductAdd')
 6 SYSTEMPATH\CodeIgniter.php(919): App\Controllers\ProductController->add()
 7 SYSTEMPATH\CodeIgniter.php(494): CodeIgniter\CodeIgniter->runController(Object(App\Controllers\ProductController))
 8 SYSTEMPATH\CodeIgniter.php(353): CodeIgniter\CodeIgniter->handleRequest(null, Object(Config\Cache), false)
 9 FCPATH\index.php(79): CodeIgniter\CodeIgniter->run()
CRITICAL - 2023-09-22 05:40:54 --> Undefined variable $pro
in APPPATH\Views\ProductAdd.php on line 19.
 1 APPPATH\Views\ProductAdd.php(19): CodeIgniter\Debug\Exceptions->errorHandler(2, 'Undefined variable $pro', 'C:\\laragon\\www\\product\\app\\Views\\ProductAdd.php', 19)
 2 SYSTEMPATH\View\View.php(226): include('C:\\laragon\\www\\product\\app\\Views\\ProductAdd.php')
 3 SYSTEMPATH\View\View.php(229): CodeIgniter\View\View->CodeIgniter\View\{closure}()
 4 SYSTEMPATH\Common.php(1188): CodeIgniter\View\View->render('ProductAdd', [], true)
 5 APPPATH\Controllers\ProductController.php(56): view('ProductAdd')
 6 SYSTEMPATH\CodeIgniter.php(919): App\Controllers\ProductController->add()
 7 SYSTEMPATH\CodeIgniter.php(494): CodeIgniter\CodeIgniter->runController(Object(App\Controllers\ProductController))
 8 SYSTEMPATH\CodeIgniter.php(353): CodeIgniter\CodeIgniter->handleRequest(null, Object(Config\Cache), false)
 9 FCPATH\index.php(79): CodeIgniter\CodeIgniter->run()
CRITICAL - 2023-09-22 09:14:28 --> syntax error, unexpected token "foreach"
in APPPATH\Views\ProductAdd.php on line 19.
 1 SYSTEMPATH\View\View.php(229): CodeIgniter\View\View->CodeIgniter\View\{closure}()
 2 SYSTEMPATH\Common.php(1188): CodeIgniter\View\View->render('ProductAdd', [], true)
 3 APPPATH\Controllers\ProductController.php(61): view('ProductAdd')
 4 SYSTEMPATH\CodeIgniter.php(919): App\Controllers\ProductController->add()
 5 SYSTEMPATH\CodeIgniter.php(494): CodeIgniter\CodeIgniter->runController(Object(App\Controllers\ProductController))
 6 SYSTEMPATH\CodeIgniter.php(353): CodeIgniter\CodeIgniter->handleRequest(null, Object(Config\Cache), false)
 7 FCPATH\index.php(79): CodeIgniter\CodeIgniter->run()
 8 SYSTEMPATH\Commands\Server\rewrite.php(47): require_once('C:\\laragon\\www\\product\\public\\index.php')
CRITICAL - 2023-09-22 09:15:22 --> syntax error, unexpected token "foreach"
in APPPATH\Views\ProductAdd.php on line 19.
 1 SYSTEMPATH\View\View.php(229): CodeIgniter\View\View->CodeIgniter\View\{closure}()
 2 SYSTEMPATH\Common.php(1188): CodeIgniter\View\View->render('ProductAdd', [], true)
 3 APPPATH\Controllers\ProductController.php(61): view('ProductAdd')
 4 SYSTEMPATH\CodeIgniter.php(919): App\Controllers\ProductController->add()
 5 SYSTEMPATH\CodeIgniter.php(494): CodeIgniter\CodeIgniter->runController(Object(App\Controllers\ProductController))
 6 SYSTEMPATH\CodeIgniter.php(353): CodeIgniter\CodeIgniter->handleRequest(null, Object(Config\Cache), false)
 7 FCPATH\index.php(79): CodeIgniter\CodeIgniter->run()
 8 SYSTEMPATH\Commands\Server\rewrite.php(47): require_once('C:\\laragon\\www\\product\\public\\index.php')
CRITICAL - 2023-09-22 09:16:22 --> Undefined variable $category
in APPPATH\Views\ProductAdd.php on line 19.
 1 APPPATH\Views\ProductAdd.php(19): CodeIgniter\Debug\Exceptions->errorHandler(2, 'Undefined variable $category', 'C:\\laragon\\www\\product\\app\\Views\\ProductAdd.php', 19)
 2 SYSTEMPATH\View\View.php(226): include('C:\\laragon\\www\\product\\app\\Views\\ProductAdd.php')
 3 SYSTEMPATH\View\View.php(229): CodeIgniter\View\View->CodeIgniter\View\{closure}()
 4 SYSTEMPATH\Common.php(1188): CodeIgniter\View\View->render('ProductAdd', [], true)
 5 APPPATH\Controllers\ProductController.php(61): view('ProductAdd')
 6 SYSTEMPATH\CodeIgniter.php(919): App\Controllers\ProductController->add()
 7 SYSTEMPATH\CodeIgniter.php(494): CodeIgniter\CodeIgniter->runController(Object(App\Controllers\ProductController))
 8 SYSTEMPATH\CodeIgniter.php(353): CodeIgniter\CodeIgniter->handleRequest(null, Object(Config\Cache), false)
 9 FCPATH\index.php(79): CodeIgniter\CodeIgniter->run()
10 SYSTEMPATH\Commands\Server\rewrite.php(47): require_once('C:\\laragon\\www\\product\\public\\index.php')
CRITICAL - 2023-09-22 09:17:16 --> Undefined variable $category
in APPPATH\Views\ProductAdd.php on line 19.
 1 APPPATH\Views\ProductAdd.php(19): CodeIgniter\Debug\Exceptions->errorHandler(2, 'Undefined variable $category', 'C:\\laragon\\www\\product\\app\\Views\\ProductAdd.php', 19)
 2 SYSTEMPATH\View\View.php(226): include('C:\\laragon\\www\\product\\app\\Views\\ProductAdd.php')
 3 SYSTEMPATH\View\View.php(229): CodeIgniter\View\View->CodeIgniter\View\{closure}()
 4 SYSTEMPATH\Common.php(1188): CodeIgniter\View\View->render('ProductAdd', [], true)
 5 APPPATH\Controllers\ProductController.php(61): view('ProductAdd')
 6 SYSTEMPATH\CodeIgniter.php(919): App\Controllers\ProductController->add()
 7 SYSTEMPATH\CodeIgniter.php(494): CodeIgniter\CodeIgniter->runController(Object(App\Controllers\ProductController))
 8 SYSTEMPATH\CodeIgniter.php(353): CodeIgniter\CodeIgniter->handleRequest(null, Object(Config\Cache), false)
 9 FCPATH\index.php(79): CodeIgniter\CodeIgniter->run()
10 SYSTEMPATH\Commands\Server\rewrite.php(47): require_once('C:\\laragon\\www\\product\\public\\index.php')
CRITICAL - 2023-09-22 09:17:18 --> Undefined variable $category
in APPPATH\Views\ProductAdd.php on line 19.
 1 APPPATH\Views\ProductAdd.php(19): CodeIgniter\Debug\Exceptions->errorHandler(2, 'Undefined variable $category', 'C:\\laragon\\www\\product\\app\\Views\\ProductAdd.php', 19)
 2 SYSTEMPATH\View\View.php(226): include('C:\\laragon\\www\\product\\app\\Views\\ProductAdd.php')
 3 SYSTEMPATH\View\View.php(229): CodeIgniter\View\View->CodeIgniter\View\{closure}()
 4 SYSTEMPATH\Common.php(1188): CodeIgniter\View\View->render('ProductAdd', [], true)
 5 APPPATH\Controllers\ProductController.php(61): view('ProductAdd')
 6 SYSTEMPATH\CodeIgniter.php(919): App\Controllers\ProductController->add()
 7 SYSTEMPATH\CodeIgniter.php(494): CodeIgniter\CodeIgniter->runController(Object(App\Controllers\ProductController))
 8 SYSTEMPATH\CodeIgniter.php(353): CodeIgniter\CodeIgniter->handleRequest(null, Object(Config\Cache), false)
 9 FCPATH\index.php(79): CodeIgniter\CodeIgniter->run()
10 SYSTEMPATH\Commands\Server\rewrite.php(47): require_once('C:\\laragon\\www\\product\\public\\index.php')
CRITICAL - 2023-09-22 09:17:18 --> Undefined variable $category
in APPPATH\Views\ProductAdd.php on line 19.
 1 APPPATH\Views\ProductAdd.php(19): CodeIgniter\Debug\Exceptions->errorHandler(2, 'Undefined variable $category', 'C:\\laragon\\www\\product\\app\\Views\\ProductAdd.php', 19)
 2 SYSTEMPATH\View\View.php(226): include('C:\\laragon\\www\\product\\app\\Views\\ProductAdd.php')
 3 SYSTEMPATH\View\View.php(229): CodeIgniter\View\View->CodeIgniter\View\{closure}()
 4 SYSTEMPATH\Common.php(1188): CodeIgniter\View\View->render('ProductAdd', [], true)
 5 APPPATH\Controllers\ProductController.php(61): view('ProductAdd')
 6 SYSTEMPATH\CodeIgniter.php(919): App\Controllers\ProductController->add()
 7 SYSTEMPATH\CodeIgniter.php(494): CodeIgniter\CodeIgniter->runController(Object(App\Controllers\ProductController))
 8 SYSTEMPATH\CodeIgniter.php(353): CodeIgniter\CodeIgniter->handleRequest(null, Object(Config\Cache), false)
 9 FCPATH\index.php(79): CodeIgniter\CodeIgniter->run()
10 SYSTEMPATH\Commands\Server\rewrite.php(47): require_once('C:\\laragon\\www\\product\\public\\index.php')
ERROR - 2023-09-22 09:21:10 --> mysqli_sql_exception: Cannot add or update a child row: a foreign key constraint fails (`crud`.`table_products`, CONSTRAINT `ProductCategoryId` FOREIGN KEY (`ProductCategoryId`) REFERENCES `table_category` (`ProductCategoryId`) ON DELETE RESTRICT ON UPDATE RESTRICT) in C:\laragon\www\product\system\Database\MySQLi\Connection.php:306
Stack trace:
#0 C:\laragon\www\product\system\Database\MySQLi\Connection.php(306): mysqli->query('INSERT INTO `ta...', 0)
#1 C:\laragon\www\product\system\Database\BaseConnection.php(692): CodeIgniter\Database\MySQLi\Connection->execute('INSERT INTO `ta...')
#2 C:\laragon\www\product\system\Database\BaseConnection.php(606): CodeIgniter\Database\BaseConnection->simpleQuery('INSERT INTO `ta...')
#3 C:\laragon\www\product\system\Database\BaseBuilder.php(2308): CodeIgniter\Database\BaseConnection->query('INSERT INTO `ta...', Array, false)
#4 C:\laragon\www\product\system\Model.php(319): CodeIgniter\Database\BaseBuilder->insert()
#5 C:\laragon\www\product\system\BaseModel.php(788): CodeIgniter\Model->doInsert(Array)
#6 C:\laragon\www\product\system\Model.php(715): CodeIgniter\BaseModel->insert(Array, false)
#7 C:\laragon\www\product\system\BaseModel.php(698): CodeIgniter\Model->insert(Array, false)
#8 C:\laragon\www\product\app\Controllers\ProductController.php(33): CodeIgniter\BaseModel->save(Array)
#9 C:\laragon\www\product\system\CodeIgniter.php(919): App\Controllers\ProductController->save()
#10 C:\laragon\www\product\system\CodeIgniter.php(494): CodeIgniter\CodeIgniter->runController(Object(App\Controllers\ProductController))
#11 C:\laragon\www\product\system\CodeIgniter.php(353): CodeIgniter\CodeIgniter->handleRequest(NULL, Object(Config\Cache), false)
#12 C:\laragon\www\product\public\index.php(79): CodeIgniter\CodeIgniter->run()
#13 C:\laragon\www\product\system\Commands\Server\rewrite.php(47): require_once('C:\\laragon\\www\\...')
#14 {main}
CRITICAL - 2023-09-22 09:21:10 --> Cannot add or update a child row: a foreign key constraint fails (`crud`.`table_products`, CONSTRAINT `ProductCategoryId` FOREIGN KEY (`ProductCategoryId`) REFERENCES `table_category` (`ProductCategoryId`) ON DELETE RESTRICT ON UPDATE RESTRICT)
in SYSTEMPATH\Database\BaseConnection.php on line 646.
 1 SYSTEMPATH\Database\BaseBuilder.php(2308): CodeIgniter\Database\BaseConnection->query('INSERT INTO `table_products` (`ProductId`, `ProductName`, `ProductDescription`, `ProductCategoryId`, `ProductQuantity`, `ProductPrice`) VALUES (:ProductId:, :ProductName:, :ProductDescription:, :ProductCategoryId:, :ProductQuantity:, :ProductPrice:)', [...], false)
 2 SYSTEMPATH\Model.php(319): CodeIgniter\Database\BaseBuilder->insert()
 3 SYSTEMPATH\BaseModel.php(788): CodeIgniter\Model->doInsert([...])
 4 SYSTEMPATH\Model.php(715): CodeIgniter\BaseModel->insert([...], false)
 5 SYSTEMPATH\BaseModel.php(698): CodeIgniter\Model->insert([...], false)
 6 APPPATH\Controllers\ProductController.php(33): CodeIgniter\BaseModel->save([...])
 7 SYSTEMPATH\CodeIgniter.php(919): App\Controllers\ProductController->save()
 8 SYSTEMPATH\CodeIgniter.php(494): CodeIgniter\CodeIgniter->runController(Object(App\Controllers\ProductController))
 9 SYSTEMPATH\CodeIgniter.php(353): CodeIgniter\CodeIgniter->handleRequest(null, Object(Config\Cache), false)
10 FCPATH\index.php(79): CodeIgniter\CodeIgniter->run()
11 SYSTEMPATH\Commands\Server\rewrite.php(47): require_once('C:\\laragon\\www\\product\\public\\index.php')
CRITICAL - 2023-09-22 09:25:20 --> Undefined variable $category
in APPPATH\Views\ProductAdd2.php on line 19.
 1 APPPATH\Views\ProductAdd2.php(19): CodeIgniter\Debug\Exceptions->errorHandler(2, 'Undefined variable $category', 'C:\\laragon\\www\\product\\app\\Views\\ProductAdd2.php', 19)
 2 SYSTEMPATH\View\View.php(226): include('C:\\laragon\\www\\product\\app\\Views\\ProductAdd2.php')
 3 SYSTEMPATH\View\View.php(229): CodeIgniter\View\View->CodeIgniter\View\{closure}()
 4 SYSTEMPATH\Common.php(1188): CodeIgniter\View\View->render('ProductAdd2', [], true)
 5 APPPATH\Controllers\ProductController.php(50): view('ProductAdd2', [...])
 6 SYSTEMPATH\CodeIgniter.php(919): App\Controllers\ProductController->edit('18')
 7 SYSTEMPATH\CodeIgniter.php(494): CodeIgniter\CodeIgniter->runController(Object(App\Controllers\ProductController))
 8 SYSTEMPATH\CodeIgniter.php(353): CodeIgniter\CodeIgniter->handleRequest(null, Object(Config\Cache), false)
 9 FCPATH\index.php(79): CodeIgniter\CodeIgniter->run()
10 SYSTEMPATH\Commands\Server\rewrite.php(47): require_once('C:\\laragon\\www\\product\\public\\index.php')
ERROR - 2023-09-22 09:26:29 --> mysqli_sql_exception: Unknown column 'ProductId' in 'where clause' in C:\laragon\www\product\system\Database\MySQLi\Connection.php:306
Stack trace:
#0 C:\laragon\www\product\system\Database\MySQLi\Connection.php(306): mysqli->query('SELECT *\nFROM `...', 0)
#1 C:\laragon\www\product\system\Database\BaseConnection.php(692): CodeIgniter\Database\MySQLi\Connection->execute('SELECT *\nFROM `...')
#2 C:\laragon\www\product\system\Database\BaseConnection.php(606): CodeIgniter\Database\BaseConnection->simpleQuery('SELECT *\nFROM `...')
#3 C:\laragon\www\product\system\Database\BaseBuilder.php(1615): CodeIgniter\Database\BaseConnection->query('SELECT *\nFROM `...', Array, false)
#4 C:\laragon\www\product\system\Model.php(264): CodeIgniter\Database\BaseBuilder->get()
#5 C:\laragon\www\product\system\BaseModel.php(662): CodeIgniter\Model->doFirst()
#6 C:\laragon\www\product\app\Controllers\ProductController.php(48): CodeIgniter\BaseModel->first()
#7 C:\laragon\www\product\system\CodeIgniter.php(919): App\Controllers\ProductController->edit('18')
#8 C:\laragon\www\product\system\CodeIgniter.php(494): CodeIgniter\CodeIgniter->runController(Object(App\Controllers\ProductController))
#9 C:\laragon\www\product\system\CodeIgniter.php(353): CodeIgniter\CodeIgniter->handleRequest(NULL, Object(Config\Cache), false)
#10 C:\laragon\www\product\public\index.php(79): CodeIgniter\CodeIgniter->run()
#11 C:\laragon\www\product\system\Commands\Server\rewrite.php(47): require_once('C:\\laragon\\www\\...')
#12 {main}
CRITICAL - 2023-09-22 09:26:29 --> Unknown column 'ProductId' in 'where clause'
in SYSTEMPATH\Database\BaseConnection.php on line 646.
 1 SYSTEMPATH\Database\BaseBuilder.php(1615): CodeIgniter\Database\BaseConnection->query('SELECT *
FROM `table_category`
WHERE `ProductId` = :ProductId:
 LIMIT 1', [...], false)
 2 SYSTEMPATH\Model.php(264): CodeIgniter\Database\BaseBuilder->get()
 3 SYSTEMPATH\BaseModel.php(662): CodeIgniter\Model->doFirst()
 4 APPPATH\Controllers\ProductController.php(48): CodeIgniter\BaseModel->first()
 5 SYSTEMPATH\CodeIgniter.php(919): App\Controllers\ProductController->edit('18')
 6 SYSTEMPATH\CodeIgniter.php(494): CodeIgniter\CodeIgniter->runController(Object(App\Controllers\ProductController))
 7 SYSTEMPATH\CodeIgniter.php(353): CodeIgniter\CodeIgniter->handleRequest(null, Object(Config\Cache), false)
 8 FCPATH\index.php(79): CodeIgniter\CodeIgniter->run()
 9 SYSTEMPATH\Commands\Server\rewrite.php(47): require_once('C:\\laragon\\www\\product\\public\\index.php')
CRITICAL - 2023-09-22 09:26:56 --> foreach() argument must be of type array|object, null given
in APPPATH\Views\ProductAdd2.php on line 19.
 1 APPPATH\Views\ProductAdd2.php(19): CodeIgniter\Debug\Exceptions->errorHandler(2, 'foreach() argument must be of type array|object, null given', 'C:\\laragon\\www\\product\\app\\Views\\ProductAdd2.php', 19)
 2 SYSTEMPATH\View\View.php(226): include('C:\\laragon\\www\\product\\app\\Views\\ProductAdd2.php')
 3 SYSTEMPATH\View\View.php(229): CodeIgniter\View\View->CodeIgniter\View\{closure}()
 4 SYSTEMPATH\Common.php(1188): CodeIgniter\View\View->render('ProductAdd2', [], true)
 5 APPPATH\Controllers\ProductController.php(51): view('ProductAdd2', [...])
 6 SYSTEMPATH\CodeIgniter.php(919): App\Controllers\ProductController->edit('18')
 7 SYSTEMPATH\CodeIgniter.php(494): CodeIgniter\CodeIgniter->runController(Object(App\Controllers\ProductController))
 8 SYSTEMPATH\CodeIgniter.php(353): CodeIgniter\CodeIgniter->handleRequest(null, Object(Config\Cache), false)
 9 FCPATH\index.php(79): CodeIgniter\CodeIgniter->run()
10 SYSTEMPATH\Commands\Server\rewrite.php(47): require_once('C:\\laragon\\www\\product\\public\\index.php')
CRITICAL - 2023-09-22 09:27:35 --> foreach() argument must be of type array|object, null given
in APPPATH\Views\ProductAdd2.php on line 19.
 1 APPPATH\Views\ProductAdd2.php(19): CodeIgniter\Debug\Exceptions->errorHandler(2, 'foreach() argument must be of type array|object, null given', 'C:\\laragon\\www\\product\\app\\Views\\ProductAdd2.php', 19)
 2 SYSTEMPATH\View\View.php(226): include('C:\\laragon\\www\\product\\app\\Views\\ProductAdd2.php')
 3 SYSTEMPATH\View\View.php(229): CodeIgniter\View\View->CodeIgniter\View\{closure}()
 4 SYSTEMPATH\Common.php(1188): CodeIgniter\View\View->render('ProductAdd2', [], true)
 5 APPPATH\Controllers\ProductController.php(51): view('ProductAdd2', [...])
 6 SYSTEMPATH\CodeIgniter.php(919): App\Controllers\ProductController->edit('16')
 7 SYSTEMPATH\CodeIgniter.php(494): CodeIgniter\CodeIgniter->runController(Object(App\Controllers\ProductController))
 8 SYSTEMPATH\CodeIgniter.php(353): CodeIgniter\CodeIgniter->handleRequest(null, Object(Config\Cache), false)
 9 FCPATH\index.php(79): CodeIgniter\CodeIgniter->run()
10 SYSTEMPATH\Commands\Server\rewrite.php(47): require_once('C:\\laragon\\www\\product\\public\\index.php')
CRITICAL - 2023-09-22 09:29:02 --> Trying to access array offset on value of type null
in APPPATH\Views\ProductAdd2.php on line 19.
 1 APPPATH\Views\ProductAdd2.php(19): CodeIgniter\Debug\Exceptions->errorHandler(2, 'Trying to access array offset on value of type null', 'C:\\laragon\\www\\product\\app\\Views\\ProductAdd2.php', 19)
 2 SYSTEMPATH\View\View.php(226): include('C:\\laragon\\www\\product\\app\\Views\\ProductAdd2.php')
 3 SYSTEMPATH\View\View.php(229): CodeIgniter\View\View->CodeIgniter\View\{closure}()
 4 SYSTEMPATH\Common.php(1188): CodeIgniter\View\View->render('ProductAdd2', [], true)
 5 APPPATH\Controllers\ProductController.php(51): view('ProductAdd2', [...])
 6 SYSTEMPATH\CodeIgniter.php(919): App\Controllers\ProductController->edit('16')
 7 SYSTEMPATH\CodeIgniter.php(494): CodeIgniter\CodeIgniter->runController(Object(App\Controllers\ProductController))
 8 SYSTEMPATH\CodeIgniter.php(353): CodeIgniter\CodeIgniter->handleRequest(null, Object(Config\Cache), false)
 9 FCPATH\index.php(79): CodeIgniter\CodeIgniter->run()
10 SYSTEMPATH\Commands\Server\rewrite.php(47): require_once('C:\\laragon\\www\\product\\public\\index.php')
CRITICAL - 2023-09-22 09:29:30 --> Trying to access array offset on value of type null
in APPPATH\Views\ProductAdd2.php on line 19.
 1 APPPATH\Views\ProductAdd2.php(19): CodeIgniter\Debug\Exceptions->errorHandler(2, 'Trying to access array offset on value of type null', 'C:\\laragon\\www\\product\\app\\Views\\ProductAdd2.php', 19)
 2 SYSTEMPATH\View\View.php(226): include('C:\\laragon\\www\\product\\app\\Views\\ProductAdd2.php')
 3 SYSTEMPATH\View\View.php(229): CodeIgniter\View\View->CodeIgniter\View\{closure}()
 4 SYSTEMPATH\Common.php(1188): CodeIgniter\View\View->render('ProductAdd2', [], true)
 5 APPPATH\Controllers\ProductController.php(51): view('ProductAdd2', [...])
 6 SYSTEMPATH\CodeIgniter.php(919): App\Controllers\ProductController->edit('16')
 7 SYSTEMPATH\CodeIgniter.php(494): CodeIgniter\CodeIgniter->runController(Object(App\Controllers\ProductController))
 8 SYSTEMPATH\CodeIgniter.php(353): CodeIgniter\CodeIgniter->handleRequest(null, Object(Config\Cache), false)
 9 FCPATH\index.php(79): CodeIgniter\CodeIgniter->run()
10 SYSTEMPATH\Commands\Server\rewrite.php(47): require_once('C:\\laragon\\www\\product\\public\\index.php')
CRITICAL - 2023-09-22 09:30:18 --> Trying to access array offset on value of type null
in APPPATH\Views\ProductAdd2.php on line 19.
 1 APPPATH\Views\ProductAdd2.php(19): CodeIgniter\Debug\Exceptions->errorHandler(2, 'Trying to access array offset on value of type null', 'C:\\laragon\\www\\product\\app\\Views\\ProductAdd2.php', 19)
 2 SYSTEMPATH\View\View.php(226): include('C:\\laragon\\www\\product\\app\\Views\\ProductAdd2.php')
 3 SYSTEMPATH\View\View.php(229): CodeIgniter\View\View->CodeIgniter\View\{closure}()
 4 SYSTEMPATH\Common.php(1188): CodeIgniter\View\View->render('ProductAdd2', [], true)
 5 APPPATH\Controllers\ProductController.php(51): view('ProductAdd2', [...])
 6 SYSTEMPATH\CodeIgniter.php(919): App\Controllers\ProductController->edit('16')
 7 SYSTEMPATH\CodeIgniter.php(494): CodeIgniter\CodeIgniter->runController(Object(App\Controllers\ProductController))
 8 SYSTEMPATH\CodeIgniter.php(353): CodeIgniter\CodeIgniter->handleRequest(null, Object(Config\Cache), false)
 9 FCPATH\index.php(79): CodeIgniter\CodeIgniter->run()
10 SYSTEMPATH\Commands\Server\rewrite.php(47): require_once('C:\\laragon\\www\\product\\public\\index.php')
CRITICAL - 2023-09-22 09:30:19 --> Trying to access array offset on value of type null
in APPPATH\Views\ProductAdd2.php on line 19.
 1 APPPATH\Views\ProductAdd2.php(19): CodeIgniter\Debug\Exceptions->errorHandler(2, 'Trying to access array offset on value of type null', 'C:\\laragon\\www\\product\\app\\Views\\ProductAdd2.php', 19)
 2 SYSTEMPATH\View\View.php(226): include('C:\\laragon\\www\\product\\app\\Views\\ProductAdd2.php')
 3 SYSTEMPATH\View\View.php(229): CodeIgniter\View\View->CodeIgniter\View\{closure}()
 4 SYSTEMPATH\Common.php(1188): CodeIgniter\View\View->render('ProductAdd2', [], true)
 5 APPPATH\Controllers\ProductController.php(51): view('ProductAdd2', [...])
 6 SYSTEMPATH\CodeIgniter.php(919): App\Controllers\ProductController->edit('16')
 7 SYSTEMPATH\CodeIgniter.php(494): CodeIgniter\CodeIgniter->runController(Object(App\Controllers\ProductController))
 8 SYSTEMPATH\CodeIgniter.php(353): CodeIgniter\CodeIgniter->handleRequest(null, Object(Config\Cache), false)
 9 FCPATH\index.php(79): CodeIgniter\CodeIgniter->run()
10 SYSTEMPATH\Commands\Server\rewrite.php(47): require_once('C:\\laragon\\www\\product\\public\\index.php')
CRITICAL - 2023-09-22 09:30:20 --> Trying to access array offset on value of type null
in APPPATH\Views\ProductAdd2.php on line 19.
 1 APPPATH\Views\ProductAdd2.php(19): CodeIgniter\Debug\Exceptions->errorHandler(2, 'Trying to access array offset on value of type null', 'C:\\laragon\\www\\product\\app\\Views\\ProductAdd2.php', 19)
 2 SYSTEMPATH\View\View.php(226): include('C:\\laragon\\www\\product\\app\\Views\\ProductAdd2.php')
 3 SYSTEMPATH\View\View.php(229): CodeIgniter\View\View->CodeIgniter\View\{closure}()
 4 SYSTEMPATH\Common.php(1188): CodeIgniter\View\View->render('ProductAdd2', [], true)
 5 APPPATH\Controllers\ProductController.php(51): view('ProductAdd2', [...])
 6 SYSTEMPATH\CodeIgniter.php(919): App\Controllers\ProductController->edit('16')
 7 SYSTEMPATH\CodeIgniter.php(494): CodeIgniter\CodeIgniter->runController(Object(App\Controllers\ProductController))
 8 SYSTEMPATH\CodeIgniter.php(353): CodeIgniter\CodeIgniter->handleRequest(null, Object(Config\Cache), false)
 9 FCPATH\index.php(79): CodeIgniter\CodeIgniter->run()
10 SYSTEMPATH\Commands\Server\rewrite.php(47): require_once('C:\\laragon\\www\\product\\public\\index.php')
CRITICAL - 2023-09-22 09:32:54 --> Trying to access array offset on value of type null
in APPPATH\Views\ProductAdd2.php on line 19.
 1 APPPATH\Views\ProductAdd2.php(19): CodeIgniter\Debug\Exceptions->errorHandler(2, 'Trying to access array offset on value of type null', 'C:\\laragon\\www\\product\\app\\Views\\ProductAdd2.php', 19)
 2 SYSTEMPATH\View\View.php(226): include('C:\\laragon\\www\\product\\app\\Views\\ProductAdd2.php')
 3 SYSTEMPATH\View\View.php(229): CodeIgniter\View\View->CodeIgniter\View\{closure}()
 4 SYSTEMPATH\Common.php(1188): CodeIgniter\View\View->render('ProductAdd2', [], true)
 5 APPPATH\Controllers\ProductController.php(51): view('ProductAdd2', [...])
 6 SYSTEMPATH\CodeIgniter.php(919): App\Controllers\ProductController->edit('17')
 7 SYSTEMPATH\CodeIgniter.php(494): CodeIgniter\CodeIgniter->runController(Object(App\Controllers\ProductController))
 8 SYSTEMPATH\CodeIgniter.php(353): CodeIgniter\CodeIgniter->handleRequest(null, Object(Config\Cache), false)
 9 FCPATH\index.php(79): CodeIgniter\CodeIgniter->run()
10 SYSTEMPATH\Commands\Server\rewrite.php(47): require_once('C:\\laragon\\www\\product\\public\\index.php')
CRITICAL - 2023-09-22 09:33:13 --> Trying to access array offset on value of type null
in APPPATH\Views\ProductAdd2.php on line 19.
 1 APPPATH\Views\ProductAdd2.php(19): CodeIgniter\Debug\Exceptions->errorHandler(2, 'Trying to access array offset on value of type null', 'C:\\laragon\\www\\product\\app\\Views\\ProductAdd2.php', 19)
 2 SYSTEMPATH\View\View.php(226): include('C:\\laragon\\www\\product\\app\\Views\\ProductAdd2.php')
 3 SYSTEMPATH\View\View.php(229): CodeIgniter\View\View->CodeIgniter\View\{closure}()
 4 SYSTEMPATH\Common.php(1188): CodeIgniter\View\View->render('ProductAdd2', [], true)
 5 APPPATH\Controllers\ProductController.php(51): view('ProductAdd2', [...])
 6 SYSTEMPATH\CodeIgniter.php(919): App\Controllers\ProductController->edit('17')
 7 SYSTEMPATH\CodeIgniter.php(494): CodeIgniter\CodeIgniter->runController(Object(App\Controllers\ProductController))
 8 SYSTEMPATH\CodeIgniter.php(353): CodeIgniter\CodeIgniter->handleRequest(null, Object(Config\Cache), false)
 9 FCPATH\index.php(79): CodeIgniter\CodeIgniter->run()
10 SYSTEMPATH\Commands\Server\rewrite.php(47): require_once('C:\\laragon\\www\\product\\public\\index.php')
CRITICAL - 2023-09-22 09:33:16 --> Trying to access array offset on value of type null
in APPPATH\Views\ProductAdd2.php on line 19.
 1 APPPATH\Views\ProductAdd2.php(19): CodeIgniter\Debug\Exceptions->errorHandler(2, 'Trying to access array offset on value of type null', 'C:\\laragon\\www\\product\\app\\Views\\ProductAdd2.php', 19)
 2 SYSTEMPATH\View\View.php(226): include('C:\\laragon\\www\\product\\app\\Views\\ProductAdd2.php')
 3 SYSTEMPATH\View\View.php(229): CodeIgniter\View\View->CodeIgniter\View\{closure}()
 4 SYSTEMPATH\Common.php(1188): CodeIgniter\View\View->render('ProductAdd2', [], true)
 5 APPPATH\Controllers\ProductController.php(51): view('ProductAdd2', [...])
 6 SYSTEMPATH\CodeIgniter.php(919): App\Controllers\ProductController->edit('17')
 7 SYSTEMPATH\CodeIgniter.php(494): CodeIgniter\CodeIgniter->runController(Object(App\Controllers\ProductController))
 8 SYSTEMPATH\CodeIgniter.php(353): CodeIgniter\CodeIgniter->handleRequest(null, Object(Config\Cache), false)
 9 FCPATH\index.php(79): CodeIgniter\CodeIgniter->run()
10 SYSTEMPATH\Commands\Server\rewrite.php(47): require_once('C:\\laragon\\www\\product\\public\\index.php')
ERROR - 2023-09-22 09:47:02 --> mysqli_sql_exception: Cannot add or update a child row: a foreign key constraint fails (`crud`.`table_products`, CONSTRAINT `ProductCategoryId` FOREIGN KEY (`ProductCategoryId`) REFERENCES `table_category` (`ProductCategoryId`) ON DELETE RESTRICT ON UPDATE RESTRICT) in C:\laragon\www\product\system\Database\MySQLi\Connection.php:306
Stack trace:
#0 C:\laragon\www\product\system\Database\MySQLi\Connection.php(306): mysqli->query('UPDATE `table_p...', 0)
#1 C:\laragon\www\product\system\Database\BaseConnection.php(692): CodeIgniter\Database\MySQLi\Connection->execute('UPDATE `table_p...')
#2 C:\laragon\www\product\system\Database\BaseConnection.php(606): CodeIgniter\Database\BaseConnection->simpleQuery('UPDATE `table_p...')
#3 C:\laragon\www\product\system\Database\BaseBuilder.php(2475): CodeIgniter\Database\BaseConnection->query('UPDATE `table_p...', Array, false)
#4 C:\laragon\www\product\system\Model.php(385): CodeIgniter\Database\BaseBuilder->update()
#5 C:\laragon\www\product\system\BaseModel.php(949): CodeIgniter\Model->doUpdate(NULL, Array)
#6 C:\laragon\www\product\system\Model.php(776): CodeIgniter\BaseModel->update(NULL, Array)
#7 C:\laragon\www\product\app\Controllers\ProductController.php(30): CodeIgniter\Model->update()
#8 C:\laragon\www\product\system\CodeIgniter.php(919): App\Controllers\ProductController->save()
#9 C:\laragon\www\product\system\CodeIgniter.php(494): CodeIgniter\CodeIgniter->runController(Object(App\Controllers\ProductController))
#10 C:\laragon\www\product\system\CodeIgniter.php(353): CodeIgniter\CodeIgniter->handleRequest(NULL, Object(Config\Cache), false)
#11 C:\laragon\www\product\public\index.php(79): CodeIgniter\CodeIgniter->run()
#12 C:\laragon\www\product\system\Commands\Server\rewrite.php(47): require_once('C:\\laragon\\www\\...')
#13 {main}
CRITICAL - 2023-09-22 09:47:02 --> Cannot add or update a child row: a foreign key constraint fails (`crud`.`table_products`, CONSTRAINT `ProductCategoryId` FOREIGN KEY (`ProductCategoryId`) REFERENCES `table_category` (`ProductCategoryId`) ON DELETE RESTRICT ON UPDATE RESTRICT)
in SYSTEMPATH\Database\BaseConnection.php on line 646.
 1 SYSTEMPATH\Database\BaseBuilder.php(2475): CodeIgniter\Database\BaseConnection->query('UPDATE `table_products` SET `ProductId` = :ProductId.1:, `ProductName` = :ProductName:, `ProductDescription` = :ProductDescription:, `ProductCategoryId` = :ProductCategoryId:, `ProductQuantity` = :ProductQuantity:, `ProductPrice` = :ProductPrice:
WHERE `ProductId` = :ProductId:', [...], false)
 2 SYSTEMPATH\Model.php(385): CodeIgniter\Database\BaseBuilder->update()
 3 SYSTEMPATH\BaseModel.php(949): CodeIgniter\Model->doUpdate(null, [...])
 4 SYSTEMPATH\Model.php(776): CodeIgniter\BaseModel->update(null, [...])
 5 APPPATH\Controllers\ProductController.php(30): CodeIgniter\Model->update()
 6 SYSTEMPATH\CodeIgniter.php(919): App\Controllers\ProductController->save()
 7 SYSTEMPATH\CodeIgniter.php(494): CodeIgniter\CodeIgniter->runController(Object(App\Controllers\ProductController))
 8 SYSTEMPATH\CodeIgniter.php(353): CodeIgniter\CodeIgniter->handleRequest(null, Object(Config\Cache), false)
 9 FCPATH\index.php(79): CodeIgniter\CodeIgniter->run()
10 SYSTEMPATH\Commands\Server\rewrite.php(47): require_once('C:\\laragon\\www\\product\\public\\index.php')
ERROR - 2023-09-22 09:47:13 --> mysqli_sql_exception: Cannot add or update a child row: a foreign key constraint fails (`crud`.`table_products`, CONSTRAINT `ProductCategoryId` FOREIGN KEY (`ProductCategoryId`) REFERENCES `table_category` (`ProductCategoryId`) ON DELETE RESTRICT ON UPDATE RESTRICT) in C:\laragon\www\product\system\Database\MySQLi\Connection.php:306
Stack trace:
#0 C:\laragon\www\product\system\Database\MySQLi\Connection.php(306): mysqli->query('UPDATE `table_p...', 0)
#1 C:\laragon\www\product\system\Database\BaseConnection.php(692): CodeIgniter\Database\MySQLi\Connection->execute('UPDATE `table_p...')
#2 C:\laragon\www\product\system\Database\BaseConnection.php(606): CodeIgniter\Database\BaseConnection->simpleQuery('UPDATE `table_p...')
#3 C:\laragon\www\product\system\Database\BaseBuilder.php(2475): CodeIgniter\Database\BaseConnection->query('UPDATE `table_p...', Array, false)
#4 C:\laragon\www\product\system\Model.php(385): CodeIgniter\Database\BaseBuilder->update()
#5 C:\laragon\www\product\system\BaseModel.php(949): CodeIgniter\Model->doUpdate(NULL, Array)
#6 C:\laragon\www\product\system\Model.php(776): CodeIgniter\BaseModel->update(NULL, Array)
#7 C:\laragon\www\product\app\Controllers\ProductController.php(30): CodeIgniter\Model->update()
#8 C:\laragon\www\product\system\CodeIgniter.php(919): App\Controllers\ProductController->save()
#9 C:\laragon\www\product\system\CodeIgniter.php(494): CodeIgniter\CodeIgniter->runController(Object(App\Controllers\ProductController))
#10 C:\laragon\www\product\system\CodeIgniter.php(353): CodeIgniter\CodeIgniter->handleRequest(NULL, Object(Config\Cache), false)
#11 C:\laragon\www\product\public\index.php(79): CodeIgniter\CodeIgniter->run()
#12 C:\laragon\www\product\system\Commands\Server\rewrite.php(47): require_once('C:\\laragon\\www\\...')
#13 {main}
CRITICAL - 2023-09-22 09:47:13 --> Cannot add or update a child row: a foreign key constraint fails (`crud`.`table_products`, CONSTRAINT `ProductCategoryId` FOREIGN KEY (`ProductCategoryId`) REFERENCES `table_category` (`ProductCategoryId`) ON DELETE RESTRICT ON UPDATE RESTRICT)
in SYSTEMPATH\Database\BaseConnection.php on line 646.
 1 SYSTEMPATH\Database\BaseBuilder.php(2475): CodeIgniter\Database\BaseConnection->query('UPDATE `table_products` SET `ProductId` = :ProductId.1:, `ProductName` = :ProductName:, `ProductDescription` = :ProductDescription:, `ProductCategoryId` = :ProductCategoryId:, `ProductQuantity` = :ProductQuantity:, `ProductPrice` = :ProductPrice:
WHERE `ProductId` = :ProductId:', [...], false)
 2 SYSTEMPATH\Model.php(385): CodeIgniter\Database\BaseBuilder->update()
 3 SYSTEMPATH\BaseModel.php(949): CodeIgniter\Model->doUpdate(null, [...])
 4 SYSTEMPATH\Model.php(776): CodeIgniter\BaseModel->update(null, [...])
 5 APPPATH\Controllers\ProductController.php(30): CodeIgniter\Model->update()
 6 SYSTEMPATH\CodeIgniter.php(919): App\Controllers\ProductController->save()
 7 SYSTEMPATH\CodeIgniter.php(494): CodeIgniter\CodeIgniter->runController(Object(App\Controllers\ProductController))
 8 SYSTEMPATH\CodeIgniter.php(353): CodeIgniter\CodeIgniter->handleRequest(null, Object(Config\Cache), false)
 9 FCPATH\index.php(79): CodeIgniter\CodeIgniter->run()
10 SYSTEMPATH\Commands\Server\rewrite.php(47): require_once('C:\\laragon\\www\\product\\public\\index.php')
ERROR - 2023-09-22 09:47:17 --> mysqli_sql_exception: Cannot add or update a child row: a foreign key constraint fails (`crud`.`table_products`, CONSTRAINT `ProductCategoryId` FOREIGN KEY (`ProductCategoryId`) REFERENCES `table_category` (`ProductCategoryId`) ON DELETE RESTRICT ON UPDATE RESTRICT) in C:\laragon\www\product\system\Database\MySQLi\Connection.php:306
Stack trace:
#0 C:\laragon\www\product\system\Database\MySQLi\Connection.php(306): mysqli->query('UPDATE `table_p...', 0)
#1 C:\laragon\www\product\system\Database\BaseConnection.php(692): CodeIgniter\Database\MySQLi\Connection->execute('UPDATE `table_p...')
#2 C:\laragon\www\product\system\Database\BaseConnection.php(606): CodeIgniter\Database\BaseConnection->simpleQuery('UPDATE `table_p...')
#3 C:\laragon\www\product\system\Database\BaseBuilder.php(2475): CodeIgniter\Database\BaseConnection->query('UPDATE `table_p...', Array, false)
#4 C:\laragon\www\product\system\Model.php(385): CodeIgniter\Database\BaseBuilder->update()
#5 C:\laragon\www\product\system\BaseModel.php(949): CodeIgniter\Model->doUpdate(NULL, Array)
#6 C:\laragon\www\product\system\Model.php(776): CodeIgniter\BaseModel->update(NULL, Array)
#7 C:\laragon\www\product\app\Controllers\ProductController.php(30): CodeIgniter\Model->update()
#8 C:\laragon\www\product\system\CodeIgniter.php(919): App\Controllers\ProductController->save()
#9 C:\laragon\www\product\system\CodeIgniter.php(494): CodeIgniter\CodeIgniter->runController(Object(App\Controllers\ProductController))
#10 C:\laragon\www\product\system\CodeIgniter.php(353): CodeIgniter\CodeIgniter->handleRequest(NULL, Object(Config\Cache), false)
#11 C:\laragon\www\product\public\index.php(79): CodeIgniter\CodeIgniter->run()
#12 C:\laragon\www\product\system\Commands\Server\rewrite.php(47): require_once('C:\\laragon\\www\\...')
#13 {main}
CRITICAL - 2023-09-22 09:47:17 --> Cannot add or update a child row: a foreign key constraint fails (`crud`.`table_products`, CONSTRAINT `ProductCategoryId` FOREIGN KEY (`ProductCategoryId`) REFERENCES `table_category` (`ProductCategoryId`) ON DELETE RESTRICT ON UPDATE RESTRICT)
in SYSTEMPATH\Database\BaseConnection.php on line 646.
 1 SYSTEMPATH\Database\BaseBuilder.php(2475): CodeIgniter\Database\BaseConnection->query('UPDATE `table_products` SET `ProductId` = :ProductId.1:, `ProductName` = :ProductName:, `ProductDescription` = :ProductDescription:, `ProductCategoryId` = :ProductCategoryId:, `ProductQuantity` = :ProductQuantity:, `ProductPrice` = :ProductPrice:
WHERE `ProductId` = :ProductId:', [...], false)
 2 SYSTEMPATH\Model.php(385): CodeIgniter\Database\BaseBuilder->update()
 3 SYSTEMPATH\BaseModel.php(949): CodeIgniter\Model->doUpdate(null, [...])
 4 SYSTEMPATH\Model.php(776): CodeIgniter\BaseModel->update(null, [...])
 5 APPPATH\Controllers\ProductController.php(30): CodeIgniter\Model->update()
 6 SYSTEMPATH\CodeIgniter.php(919): App\Controllers\ProductController->save()
 7 SYSTEMPATH\CodeIgniter.php(494): CodeIgniter\CodeIgniter->runController(Object(App\Controllers\ProductController))
 8 SYSTEMPATH\CodeIgniter.php(353): CodeIgniter\CodeIgniter->handleRequest(null, Object(Config\Cache), false)
 9 FCPATH\index.php(79): CodeIgniter\CodeIgniter->run()
10 SYSTEMPATH\Commands\Server\rewrite.php(47): require_once('C:\\laragon\\www\\product\\public\\index.php')
CRITICAL - 2023-09-22 09:54:01 --> Call to undefined method App\Models\CategoryModel::with
in SYSTEMPATH\Model.php on line 873.
 1 APPPATH\Controllers\ProductController.php(49): CodeIgniter\Model->__call('with', [...])
 2 SYSTEMPATH\CodeIgniter.php(919): App\Controllers\ProductController->edit('16')
 3 SYSTEMPATH\CodeIgniter.php(494): CodeIgniter\CodeIgniter->runController(Object(App\Controllers\ProductController))
 4 SYSTEMPATH\CodeIgniter.php(353): CodeIgniter\CodeIgniter->handleRequest(null, Object(Config\Cache), false)
 5 FCPATH\index.php(79): CodeIgniter\CodeIgniter->run()
 6 SYSTEMPATH\Commands\Server\rewrite.php(47): require_once('C:\\laragon\\www\\product\\public\\index.php')
CRITICAL - 2023-09-22 09:57:28 --> Undefined variable $category
in APPPATH\Views\ProductAdd2.php on line 19.
 1 APPPATH\Views\ProductAdd2.php(19): CodeIgniter\Debug\Exceptions->errorHandler(2, 'Undefined variable $category', 'C:\\laragon\\www\\product\\app\\Views\\ProductAdd2.php', 19)
 2 SYSTEMPATH\View\View.php(226): include('C:\\laragon\\www\\product\\app\\Views\\ProductAdd2.php')
 3 SYSTEMPATH\View\View.php(229): CodeIgniter\View\View->CodeIgniter\View\{closure}()
 4 SYSTEMPATH\Common.php(1188): CodeIgniter\View\View->render('ProductAdd2', [...], true)
 5 APPPATH\Controllers\ProductController.php(51): view('ProductAdd2', [...], [...])
 6 SYSTEMPATH\CodeIgniter.php(919): App\Controllers\ProductController->edit('16')
 7 SYSTEMPATH\CodeIgniter.php(494): CodeIgniter\CodeIgniter->runController(Object(App\Controllers\ProductController))
 8 SYSTEMPATH\CodeIgniter.php(353): CodeIgniter\CodeIgniter->handleRequest(null, Object(Config\Cache), false)
 9 FCPATH\index.php(79): CodeIgniter\CodeIgniter->run()
10 SYSTEMPATH\Commands\Server\rewrite.php(47): require_once('C:\\laragon\\www\\product\\public\\index.php')
CRITICAL - 2023-09-22 09:58:05 --> Undefined variable $category
in APPPATH\Views\ProductAdd2.php on line 19.
 1 APPPATH\Views\ProductAdd2.php(19): CodeIgniter\Debug\Exceptions->errorHandler(2, 'Undefined variable $category', 'C:\\laragon\\www\\product\\app\\Views\\ProductAdd2.php', 19)
 2 SYSTEMPATH\View\View.php(226): include('C:\\laragon\\www\\product\\app\\Views\\ProductAdd2.php')
 3 SYSTEMPATH\View\View.php(229): CodeIgniter\View\View->CodeIgniter\View\{closure}()
 4 SYSTEMPATH\Common.php(1188): CodeIgniter\View\View->render('ProductAdd2', [...], true)
 5 APPPATH\Controllers\ProductController.php(51): view('ProductAdd2', [...], [...])
 6 SYSTEMPATH\CodeIgniter.php(919): App\Controllers\ProductController->edit('16')
 7 SYSTEMPATH\CodeIgniter.php(494): CodeIgniter\CodeIgniter->runController(Object(App\Controllers\ProductController))
 8 SYSTEMPATH\CodeIgniter.php(353): CodeIgniter\CodeIgniter->handleRequest(null, Object(Config\Cache), false)
 9 FCPATH\index.php(79): CodeIgniter\CodeIgniter->run()
10 SYSTEMPATH\Commands\Server\rewrite.php(47): require_once('C:\\laragon\\www\\product\\public\\index.php')
CRITICAL - 2023-09-22 09:58:42 --> Undefined variable $category
in APPPATH\Views\ProductAdd2.php on line 19.
 1 APPPATH\Views\ProductAdd2.php(19): CodeIgniter\Debug\Exceptions->errorHandler(2, 'Undefined variable $category', 'C:\\laragon\\www\\product\\app\\Views\\ProductAdd2.php', 19)
 2 SYSTEMPATH\View\View.php(226): include('C:\\laragon\\www\\product\\app\\Views\\ProductAdd2.php')
 3 SYSTEMPATH\View\View.php(229): CodeIgniter\View\View->CodeIgniter\View\{closure}()
 4 SYSTEMPATH\Common.php(1188): CodeIgniter\View\View->render('ProductAdd2', [...], true)
 5 APPPATH\Controllers\ProductController.php(51): view('ProductAdd2', [...], [...])
 6 SYSTEMPATH\CodeIgniter.php(919): App\Controllers\ProductController->edit('16')
 7 SYSTEMPATH\CodeIgniter.php(494): CodeIgniter\CodeIgniter->runController(Object(App\Controllers\ProductController))
 8 SYSTEMPATH\CodeIgniter.php(353): CodeIgniter\CodeIgniter->handleRequest(null, Object(Config\Cache), false)
 9 FCPATH\index.php(79): CodeIgniter\CodeIgniter->run()
10 SYSTEMPATH\Commands\Server\rewrite.php(47): require_once('C:\\laragon\\www\\product\\public\\index.php')
ERROR - 2023-09-22 10:05:52 --> mysqli_sql_exception: Cannot add or update a child row: a foreign key constraint fails (`crud`.`table_products`, CONSTRAINT `ProductCategoryId` FOREIGN KEY (`ProductCategoryId`) REFERENCES `table_category` (`ProductCategoryId`) ON DELETE RESTRICT ON UPDATE RESTRICT) in C:\laragon\www\product\system\Database\MySQLi\Connection.php:306
Stack trace:
#0 C:\laragon\www\product\system\Database\MySQLi\Connection.php(306): mysqli->query('INSERT INTO `ta...', 0)
#1 C:\laragon\www\product\system\Database\BaseConnection.php(692): CodeIgniter\Database\MySQLi\Connection->execute('INSERT INTO `ta...')
#2 C:\laragon\www\product\system\Database\BaseConnection.php(606): CodeIgniter\Database\BaseConnection->simpleQuery('INSERT INTO `ta...')
#3 C:\laragon\www\product\system\Database\BaseBuilder.php(2308): CodeIgniter\Database\BaseConnection->query('INSERT INTO `ta...', Array, false)
#4 C:\laragon\www\product\system\Model.php(319): CodeIgniter\Database\BaseBuilder->insert()
#5 C:\laragon\www\product\system\BaseModel.php(788): CodeIgniter\Model->doInsert(Array)
#6 C:\laragon\www\product\system\Model.php(715): CodeIgniter\BaseModel->insert(Array, false)
#7 C:\laragon\www\product\system\BaseModel.php(698): CodeIgniter\Model->insert(Array, false)
#8 C:\laragon\www\product\app\Controllers\ProductController.php(33): CodeIgniter\BaseModel->save(Array)
#9 C:\laragon\www\product\system\CodeIgniter.php(919): App\Controllers\ProductController->save()
#10 C:\laragon\www\product\system\CodeIgniter.php(494): CodeIgniter\CodeIgniter->runController(Object(App\Controllers\ProductController))
#11 C:\laragon\www\product\system\CodeIgniter.php(353): CodeIgniter\CodeIgniter->handleRequest(NULL, Object(Config\Cache), false)
#12 C:\laragon\www\product\public\index.php(79): CodeIgniter\CodeIgniter->run()
#13 C:\laragon\www\product\system\Commands\Server\rewrite.php(47): require_once('C:\\laragon\\www\\...')
#14 {main}
CRITICAL - 2023-09-22 10:05:52 --> Cannot add or update a child row: a foreign key constraint fails (`crud`.`table_products`, CONSTRAINT `ProductCategoryId` FOREIGN KEY (`ProductCategoryId`) REFERENCES `table_category` (`ProductCategoryId`) ON DELETE RESTRICT ON UPDATE RESTRICT)
in SYSTEMPATH\Database\BaseConnection.php on line 646.
 1 SYSTEMPATH\Database\BaseBuilder.php(2308): CodeIgniter\Database\BaseConnection->query('INSERT INTO `table_products` (`ProductId`, `ProductName`, `ProductDescription`, `ProductCategoryId`, `ProductQuantity`, `ProductPrice`) VALUES (:ProductId:, :ProductName:, :ProductDescription:, :ProductCategoryId:, :ProductQuantity:, :ProductPrice:)', [...], false)
 2 SYSTEMPATH\Model.php(319): CodeIgniter\Database\BaseBuilder->insert()
 3 SYSTEMPATH\BaseModel.php(788): CodeIgniter\Model->doInsert([...])
 4 SYSTEMPATH\Model.php(715): CodeIgniter\BaseModel->insert([...], false)
 5 SYSTEMPATH\BaseModel.php(698): CodeIgniter\Model->insert([...], false)
 6 APPPATH\Controllers\ProductController.php(33): CodeIgniter\BaseModel->save([...])
 7 SYSTEMPATH\CodeIgniter.php(919): App\Controllers\ProductController->save()
 8 SYSTEMPATH\CodeIgniter.php(494): CodeIgniter\CodeIgniter->runController(Object(App\Controllers\ProductController))
 9 SYSTEMPATH\CodeIgniter.php(353): CodeIgniter\CodeIgniter->handleRequest(null, Object(Config\Cache), false)
10 FCPATH\index.php(79): CodeIgniter\CodeIgniter->run()
11 SYSTEMPATH\Commands\Server\rewrite.php(47): require_once('C:\\laragon\\www\\product\\public\\index.php')
ERROR - 2023-09-22 13:54:01 --> mysqli_sql_exception: Column 'ProductCategoryId' cannot be null in C:\laragon\www\product\system\Database\MySQLi\Connection.php:306
Stack trace:
#0 C:\laragon\www\product\system\Database\MySQLi\Connection.php(306): mysqli->query('INSERT INTO `ta...', 0)
#1 C:\laragon\www\product\system\Database\BaseConnection.php(692): CodeIgniter\Database\MySQLi\Connection->execute('INSERT INTO `ta...')
#2 C:\laragon\www\product\system\Database\BaseConnection.php(606): CodeIgniter\Database\BaseConnection->simpleQuery('INSERT INTO `ta...')
#3 C:\laragon\www\product\system\Database\BaseBuilder.php(2308): CodeIgniter\Database\BaseConnection->query('INSERT INTO `ta...', Array, false)
#4 C:\laragon\www\product\system\Model.php(319): CodeIgniter\Database\BaseBuilder->insert()
#5 C:\laragon\www\product\system\BaseModel.php(788): CodeIgniter\Model->doInsert(Array)
#6 C:\laragon\www\product\system\Model.php(715): CodeIgniter\BaseModel->insert(Array, false)
#7 C:\laragon\www\product\system\BaseModel.php(698): CodeIgniter\Model->insert(Array, false)
#8 C:\laragon\www\product\app\Controllers\ProductController.php(33): CodeIgniter\BaseModel->save(Array)
#9 C:\laragon\www\product\system\CodeIgniter.php(919): App\Controllers\ProductController->save()
#10 C:\laragon\www\product\system\CodeIgniter.php(494): CodeIgniter\CodeIgniter->runController(Object(App\Controllers\ProductController))
#11 C:\laragon\www\product\system\CodeIgniter.php(353): CodeIgniter\CodeIgniter->handleRequest(NULL, Object(Config\Cache), false)
#12 C:\laragon\www\product\public\index.php(79): CodeIgniter\CodeIgniter->run()
#13 C:\laragon\www\product\system\Commands\Server\rewrite.php(47): require_once('C:\\laragon\\www\\...')
#14 {main}
CRITICAL - 2023-09-22 13:54:01 --> Column 'ProductCategoryId' cannot be null
in SYSTEMPATH\Database\BaseConnection.php on line 646.
 1 SYSTEMPATH\Database\BaseBuilder.php(2308): CodeIgniter\Database\BaseConnection->query('INSERT INTO `table_products` (`ProductId`, `ProductName`, `ProductDescription`, `ProductCategoryId`, `ProductQuantity`, `ProductPrice`) VALUES (:ProductId:, :ProductName:, :ProductDescription:, :ProductCategoryId:, :ProductQuantity:, :ProductPrice:)', [...], false)
 2 SYSTEMPATH\Model.php(319): CodeIgniter\Database\BaseBuilder->insert()
 3 SYSTEMPATH\BaseModel.php(788): CodeIgniter\Model->doInsert([...])
 4 SYSTEMPATH\Model.php(715): CodeIgniter\BaseModel->insert([...], false)
 5 SYSTEMPATH\BaseModel.php(698): CodeIgniter\Model->insert([...], false)
 6 APPPATH\Controllers\ProductController.php(33): CodeIgniter\BaseModel->save([...])
 7 SYSTEMPATH\CodeIgniter.php(919): App\Controllers\ProductController->save()
 8 SYSTEMPATH\CodeIgniter.php(494): CodeIgniter\CodeIgniter->runController(Object(App\Controllers\ProductController))
 9 SYSTEMPATH\CodeIgniter.php(353): CodeIgniter\CodeIgniter->handleRequest(null, Object(Config\Cache), false)
10 FCPATH\index.php(79): CodeIgniter\CodeIgniter->run()
11 SYSTEMPATH\Commands\Server\rewrite.php(47): require_once('C:\\laragon\\www\\product\\public\\index.php')
ERROR - 2023-09-22 13:55:00 --> mysqli_sql_exception: Column 'ProductCategoryId' cannot be null in C:\laragon\www\product\system\Database\MySQLi\Connection.php:306
Stack trace:
#0 C:\laragon\www\product\system\Database\MySQLi\Connection.php(306): mysqli->query('INSERT INTO `ta...', 0)
#1 C:\laragon\www\product\system\Database\BaseConnection.php(692): CodeIgniter\Database\MySQLi\Connection->execute('INSERT INTO `ta...')
#2 C:\laragon\www\product\system\Database\BaseConnection.php(606): CodeIgniter\Database\BaseConnection->simpleQuery('INSERT INTO `ta...')
#3 C:\laragon\www\product\system\Database\BaseBuilder.php(2308): CodeIgniter\Database\BaseConnection->query('INSERT INTO `ta...', Array, false)
#4 C:\laragon\www\product\system\Model.php(319): CodeIgniter\Database\BaseBuilder->insert()
#5 C:\laragon\www\product\system\BaseModel.php(788): CodeIgniter\Model->doInsert(Array)
#6 C:\laragon\www\product\system\Model.php(715): CodeIgniter\BaseModel->insert(Array, false)
#7 C:\laragon\www\product\system\BaseModel.php(698): CodeIgniter\Model->insert(Array, false)
#8 C:\laragon\www\product\app\Controllers\ProductController.php(33): CodeIgniter\BaseModel->save(Array)
#9 C:\laragon\www\product\system\CodeIgniter.php(919): App\Controllers\ProductController->save()
#10 C:\laragon\www\product\system\CodeIgniter.php(494): CodeIgniter\CodeIgniter->runController(Object(App\Controllers\ProductController))
#11 C:\laragon\www\product\system\CodeIgniter.php(353): CodeIgniter\CodeIgniter->handleRequest(NULL, Object(Config\Cache), false)
#12 C:\laragon\www\product\public\index.php(79): CodeIgniter\CodeIgniter->run()
#13 C:\laragon\www\product\system\Commands\Server\rewrite.php(47): require_once('C:\\laragon\\www\\...')
#14 {main}
CRITICAL - 2023-09-22 13:55:00 --> Column 'ProductCategoryId' cannot be null
in SYSTEMPATH\Database\BaseConnection.php on line 646.
 1 SYSTEMPATH\Database\BaseBuilder.php(2308): CodeIgniter\Database\BaseConnection->query('INSERT INTO `table_products` (`ProductId`, `ProductName`, `ProductDescription`, `ProductCategoryId`, `ProductQuantity`, `ProductPrice`) VALUES (:ProductId:, :ProductName:, :ProductDescription:, :ProductCategoryId:, :ProductQuantity:, :ProductPrice:)', [...], false)
 2 SYSTEMPATH\Model.php(319): CodeIgniter\Database\BaseBuilder->insert()
 3 SYSTEMPATH\BaseModel.php(788): CodeIgniter\Model->doInsert([...])
 4 SYSTEMPATH\Model.php(715): CodeIgniter\BaseModel->insert([...], false)
 5 SYSTEMPATH\BaseModel.php(698): CodeIgniter\Model->insert([...], false)
 6 APPPATH\Controllers\ProductController.php(33): CodeIgniter\BaseModel->save([...])
 7 SYSTEMPATH\CodeIgniter.php(919): App\Controllers\ProductController->save()
 8 SYSTEMPATH\CodeIgniter.php(494): CodeIgniter\CodeIgniter->runController(Object(App\Controllers\ProductController))
 9 SYSTEMPATH\CodeIgniter.php(353): CodeIgniter\CodeIgniter->handleRequest(null, Object(Config\Cache), false)
10 FCPATH\index.php(79): CodeIgniter\CodeIgniter->run()
11 SYSTEMPATH\Commands\Server\rewrite.php(47): require_once('C:\\laragon\\www\\product\\public\\index.php')
